<?xml version="1.0" encoding="UTF-8"?>
<testsuite name="jpabook.jpashop.MemberRepositoryTest" tests="1" skipped="0" failures="0" errors="0" timestamp="2024-05-30T06:51:02" hostname="JooYoung.local" time="0.72">
  <properties/>
  <testcase name="testMember" classname="jpabook.jpashop.MemberRepositoryTest" time="0.72"/>
  <system-out><![CDATA[15:50:59.103 [Test worker] INFO org.springframework.boot.devtools.restart.RestartApplicationListener -- Restart disabled due to context in which it is running
  .   ____          _            __ _ _
 /\\ / ___'_ __ _ _(_)_ __  __ _ \ \ \ \
( ( )\___ | '_ | '_| | '_ \/ _` | \ \ \ \
 \\/  ___)| |_)| | | | | || (_| |  ) ) ) )
  '  |____| .__|_| |_|_| |_\__, | / / / /
 =========|_|==============|___/=/_/_/_/

 :: Spring Boot ::                (v3.3.0)

2024-05-30T15:50:59.357+09:00  INFO 4900 --- [    Test worker] jpabook.jpashop.MemberRepositoryTest     : Starting MemberRepositoryTest using Java 17.0.9 with PID 4900 (started by jy_23 in /Users/jy_23/drive/spring_jpa/e_commerce_project)
2024-05-30T15:50:59.358+09:00  INFO 4900 --- [    Test worker] jpabook.jpashop.MemberRepositoryTest     : No active profile set, falling back to 1 default profile: "default"
2024-05-30T15:51:00.165+09:00  INFO 4900 --- [    Test worker] .s.d.r.c.RepositoryConfigurationDelegate : Bootstrapping Spring Data JPA repositories in DEFAULT mode.
2024-05-30T15:51:00.185+09:00  INFO 4900 --- [    Test worker] .s.d.r.c.RepositoryConfigurationDelegate : Finished Spring Data repository scanning in 12 ms. Found 0 JPA repository interfaces.
2024-05-30T15:51:00.587+09:00  INFO 4900 --- [    Test worker] o.hibernate.jpa.internal.util.LogHelper  : HHH000204: Processing PersistenceUnitInfo [name: default]
2024-05-30T15:51:00.632+09:00  INFO 4900 --- [    Test worker] org.hibernate.Version                    : HHH000412: Hibernate ORM core version 6.5.2.Final
2024-05-30T15:51:00.661+09:00  INFO 4900 --- [    Test worker] o.h.c.internal.RegionFactoryInitiator    : HHH000026: Second-level cache disabled
2024-05-30T15:51:00.915+09:00  INFO 4900 --- [    Test worker] o.s.o.j.p.SpringPersistenceUnitInfo      : No LoadTimeWeaver setup: ignoring JPA class transformer
2024-05-30T15:51:00.936+09:00  INFO 4900 --- [    Test worker] com.zaxxer.hikari.HikariDataSource       : HikariPool-1 - Starting...
2024-05-30T15:51:01.013+09:00  INFO 4900 --- [    Test worker] com.zaxxer.hikari.pool.HikariPool        : HikariPool-1 - Added connection conn0: url=jdbc:h2:tcp://localhost/~/drive/spring_jpa/e_commerce_project user=SA
2024-05-30T15:51:01.015+09:00  INFO 4900 --- [    Test worker] com.zaxxer.hikari.HikariDataSource       : HikariPool-1 - Start completed.
2024-05-30T15:51:01.957+09:00  INFO 4900 --- [    Test worker] o.h.e.t.j.p.i.JtaPlatformInitiator       : HHH000489: No JTA platform available (set 'hibernate.transaction.jta.platform' to enable JTA platform integration)
2024-05-30T15:51:01.970+09:00 DEBUG 4900 --- [    Test worker] org.hibernate.SQL                        : 
    drop table if exists member cascade 
2024-05-30T15:51:01.976+09:00  INFO 4900 --- [    Test worker] p6spy                                    : #1717051861976 | took 1ms | statement | connection 1| url jdbc:h2:tcp://localhost/~/drive/spring_jpa/e_commerce_project

    drop table if exists member cascade 

    drop table if exists member cascade ;
2024-05-30T15:51:01.977+09:00 DEBUG 4900 --- [    Test worker] org.hibernate.SQL                        : 
    drop sequence if exists member_seq
2024-05-30T15:51:01.977+09:00  INFO 4900 --- [    Test worker] p6spy                                    : #1717051861977 | took 0ms | statement | connection 1| url jdbc:h2:tcp://localhost/~/drive/spring_jpa/e_commerce_project

    drop sequence if exists member_seq

    drop sequence if exists member_seq;
2024-05-30T15:51:01.984+09:00 DEBUG 4900 --- [    Test worker] org.hibernate.SQL                        : 
    create sequence member_seq start with 1 increment by 50
2024-05-30T15:51:01.986+09:00  INFO 4900 --- [    Test worker] p6spy                                    : #1717051861986 | took 0ms | statement | connection 2| url jdbc:h2:tcp://localhost/~/drive/spring_jpa/e_commerce_project

    create sequence member_seq start with 1 increment by 50

    create sequence member_seq start with 1 increment by 50;
2024-05-30T15:51:01.988+09:00 DEBUG 4900 --- [    Test worker] org.hibernate.SQL                        : 
    create table member (
        id bigint not null,
        username varchar(255),
        primary key (id)
    )
2024-05-30T15:51:01.990+09:00  INFO 4900 --- [    Test worker] p6spy                                    : #1717051861990 | took 1ms | statement | connection 2| url jdbc:h2:tcp://localhost/~/drive/spring_jpa/e_commerce_project

    create table member (
        id bigint not null,
        username varchar(255),
        primary key (id)
    )

    create table member (
        id bigint not null,
        username varchar(255),
        primary key (id)
    );
2024-05-30T15:51:01.994+09:00  INFO 4900 --- [    Test worker] j.LocalContainerEntityManagerFactoryBean : Initialized JPA EntityManagerFactory for persistence unit 'default'
2024-05-30T15:51:02.260+09:00  WARN 4900 --- [    Test worker] JpaBaseConfiguration$JpaWebConfiguration : spring.jpa.open-in-view is enabled by default. Therefore, database queries may be performed during view rendering. Explicitly configure spring.jpa.open-in-view to disable this warning
2024-05-30T15:51:02.820+09:00  INFO 4900 --- [    Test worker] jpabook.jpashop.MemberRepositoryTest     : Started MemberRepositoryTest in 3.732 seconds (process running for 5.211)
2024-05-30T15:51:03.491+09:00 DEBUG 4900 --- [    Test worker] org.hibernate.SQL                        : 
    select
        next value for member_seq
2024-05-30T15:51:03.504+09:00  INFO 4900 --- [    Test worker] p6spy                                    : #1717051863504 | took 7ms | statement | connection 3| url jdbc:h2:tcp://localhost/~/drive/spring_jpa/e_commerce_project
select next value for member_seq
select next value for member_seq;
2024-05-30T15:51:03.570+09:00 DEBUG 4900 --- [    Test worker] org.hibernate.SQL                        : 
    insert 
    into
        member
        (username, id) 
    values
        (?, ?)
2024-05-30T15:51:03.571+09:00 TRACE 4900 --- [    Test worker] org.hibernate.orm.jdbc.bind              : binding parameter (1:VARCHAR) <- [memberA]
2024-05-30T15:51:03.572+09:00 TRACE 4900 --- [    Test worker] org.hibernate.orm.jdbc.bind              : binding parameter (2:BIGINT) <- [1]
2024-05-30T15:51:03.572+09:00  INFO 4900 --- [    Test worker] p6spy                                    : #1717051863572 | took 0ms | statement | connection 3| url jdbc:h2:tcp://localhost/~/drive/spring_jpa/e_commerce_project
insert into member (username,id) values (?,?)
insert into member (username,id) values ('memberA',1);
2024-05-30T15:51:03.575+09:00  INFO 4900 --- [    Test worker] p6spy                                    : #1717051863575 | took 0ms | commit | connection 3| url jdbc:h2:tcp://localhost/~/drive/spring_jpa/e_commerce_project

;
]]></system-out>
  <system-err><![CDATA[]]></system-err>
</testsuite>
